<?xml version="1.0" encoding="UTF-8"?>
<!-- Generated by org.testng.reporters.JUnitReportReporter -->
<testsuite hostname="Abdulraheem" failures="0" tests="3" name="myClass" time="15.202" errors="0" timestamp="2024-09-03T19:41:43 EET" skipped="2">
  <testcase classname="myClass" name="ClickOnNumbersOnly" time="15.202"/>
  <system-out/>
  <testcase classname="myClass" name="ClickOnAllButtons">
    <skipped/>
  </testcase> <!-- ClickOnAllButtons -->
  <system-out/>
  <testcase classname="myClass" name="checkTime">
    <skipped/>
  </testcase> <!-- checkTime -->
  <system-out/>
</testsuite> <!-- myClass -->
